Build started 10/9/2011 3:11:34 PM.
Project "C:\Users\Emin\documents\visual studio 2010\Projects\EminSenay_UniProjects_C\Cmpe360_HW1_DiffEqSequence\Cmpe360_HW1_DiffEqSequence.vcxproj" on node 2 (build target(s)).
InitializeBuildStatus:
  Creating "Debug\Cmpe360_HW1_DiffEqSequence.unsuccessfulbuild" because "AlwaysCreate" was specified.
ClCompile:
  C:\Program Files (x86)\Microsoft Visual Studio 10.0\VC\bin\CL.exe /c /ZI /nologo /W3 /WX- /Od /Oy- /D _MBCS /Gm /EHsc /RTC1 /MDd /GS /fp:precise /Zc:wchar_t /Zc:forScope /Fo"Debug\\" /Fd"Debug\vc100.pdb" /Gd /TP /analyze- /errorReport:prompt cmpe360HW1.cpp
  cmpe360HW1.cpp
c:\users\emin\documents\visual studio 2010\projects\eminsenay_uniprojects_c\cmpe360_hw1_diffeqsequence\cmpe360hw1.cpp(16): warning C4305: 'initializing' : truncation from 'double' to 'float'
c:\users\emin\documents\visual studio 2010\projects\eminsenay_uniprojects_c\cmpe360_hw1_diffeqsequence\cmpe360hw1.cpp(26): warning C4244: '=' : conversion from 'double' to 'float', possible loss of data
Link:
  C:\Program Files (x86)\Microsoft Visual Studio 10.0\VC\bin\link.exe /ERRORREPORT:PROMPT /OUT:"C:\Users\Emin\documents\visual studio 2010\Projects\EminSenay_UniProjects_C\Debug\Cmpe360_HW1_DiffEqSequence.exe" /NOLOGO kernel32.lib user32.lib gdi32.lib winspool.lib comdlg32.lib advapi32.lib shell32.lib ole32.lib oleaut32.lib uuid.lib odbc32.lib odbccp32.lib /MANIFEST /ManifestFile:"Debug\Cmpe360_HW1_DiffEqSequence.exe.intermediate.manifest" /MANIFESTUAC:"level='asInvoker' uiAccess='false'" /DEBUG /PDB:"C:\Users\Emin\documents\visual studio 2010\Projects\EminSenay_UniProjects_C\Debug\Cmpe360_HW1_DiffEqSequence.pdb" /TLBID:1 /DYNAMICBASE /NXCOMPAT /IMPLIB:"C:\Users\Emin\documents\visual studio 2010\Projects\EminSenay_UniProjects_C\Debug\Cmpe360_HW1_DiffEqSequence.lib" /MACHINE:X86 Debug\cmpe360HW1.obj
  Cmpe360_HW1_DiffEqSequence.vcxproj -> C:\Users\Emin\documents\visual studio 2010\Projects\EminSenay_UniProjects_C\Debug\Cmpe360_HW1_DiffEqSequence.exe
Manifest:
  C:\Program Files (x86)\Microsoft SDKs\Windows\v7.0A\bin\mt.exe /nologo /verbose /outputresource:"C:\Users\Emin\documents\visual studio 2010\Projects\EminSenay_UniProjects_C\Debug\Cmpe360_HW1_DiffEqSequence.exe;#1" /manifest Debug\Cmpe360_HW1_DiffEqSequence.exe.intermediate.manifest
FinalizeBuildStatus:
  Deleting file "Debug\Cmpe360_HW1_DiffEqSequence.unsuccessfulbuild".
  Touching "Debug\Cmpe360_HW1_DiffEqSequence.lastbuildstate".
Done Building Project "C:\Users\Emin\documents\visual studio 2010\Projects\EminSenay_UniProjects_C\Cmpe360_HW1_DiffEqSequence\Cmpe360_HW1_DiffEqSequence.vcxproj" (build target(s)).

Build succeeded.

Time Elapsed 00:00:04.30
