Build started 10/3/2011 10:02:32 PM.
Project "c:\Users\Emin\documents\visual studio 2010\Projects\EminSenay_UniProjects_C\Cmpe150_P2_HighSchoolGamble\Cmpe150_P2_HighSchoolGamble.vcxproj" on node 2 (build target(s)).
InitializeBuildStatus:
  Creating "Debug\Cmpe150_P2_HighSchoolGamble.unsuccessfulbuild" because "AlwaysCreate" was specified.
ClCompile:
  C:\Program Files (x86)\Microsoft Visual Studio 10.0\VC\bin\CL.exe /c /ZI /nologo /W3 /WX- /Od /Oy- /D _MBCS /Gm /EHsc /RTC1 /MDd /GS /fp:precise /Zc:wchar_t /Zc:forScope /Fo"Debug\\" /Fd"Debug\vc100.pdb" /Gd /TC /analyze- /errorReport:prompt implementation2.c
  implementation2.c
c:\users\emin\documents\visual studio 2010\projects\eminsenay_uniprojects_c\cmpe150_p2_highschoolgamble\implementation2.c(51): warning C4244: 'function' : conversion from 'time_t' to 'unsigned int', possible loss of data
c:\users\emin\documents\visual studio 2010\projects\eminsenay_uniprojects_c\cmpe150_p2_highschoolgamble\implementation2.c(62): warning C4996: 'scanf': This function or variable may be unsafe. Consider using scanf_s instead. To disable deprecation, use _CRT_SECURE_NO_WARNINGS. See online help for details.
          c:\program files (x86)\microsoft visual studio 10.0\vc\include\stdio.h(304) : see declaration of 'scanf'
c:\users\emin\documents\visual studio 2010\projects\eminsenay_uniprojects_c\cmpe150_p2_highschoolgamble\implementation2.c(134): warning C4996: 'scanf': This function or variable may be unsafe. Consider using scanf_s instead. To disable deprecation, use _CRT_SECURE_NO_WARNINGS. See online help for details.
          c:\program files (x86)\microsoft visual studio 10.0\vc\include\stdio.h(304) : see declaration of 'scanf'
c:\users\emin\documents\visual studio 2010\projects\eminsenay_uniprojects_c\cmpe150_p2_highschoolgamble\implementation2.c(136): warning C4996: 'scanf': This function or variable may be unsafe. Consider using scanf_s instead. To disable deprecation, use _CRT_SECURE_NO_WARNINGS. See online help for details.
          c:\program files (x86)\microsoft visual studio 10.0\vc\include\stdio.h(304) : see declaration of 'scanf'
c:\users\emin\documents\visual studio 2010\projects\eminsenay_uniprojects_c\cmpe150_p2_highschoolgamble\implementation2.c(191): warning C4996: 'scanf': This function or variable may be unsafe. Consider using scanf_s instead. To disable deprecation, use _CRT_SECURE_NO_WARNINGS. See online help for details.
          c:\program files (x86)\microsoft visual studio 10.0\vc\include\stdio.h(304) : see declaration of 'scanf'
c:\users\emin\documents\visual studio 2010\projects\eminsenay_uniprojects_c\cmpe150_p2_highschoolgamble\implementation2.c(193): warning C4996: 'scanf': This function or variable may be unsafe. Consider using scanf_s instead. To disable deprecation, use _CRT_SECURE_NO_WARNINGS. See online help for details.
          c:\program files (x86)\microsoft visual studio 10.0\vc\include\stdio.h(304) : see declaration of 'scanf'
c:\users\emin\documents\visual studio 2010\projects\eminsenay_uniprojects_c\cmpe150_p2_highschoolgamble\implementation2.c(209): warning C4996: 'scanf': This function or variable may be unsafe. Consider using scanf_s instead. To disable deprecation, use _CRT_SECURE_NO_WARNINGS. See online help for details.
          c:\program files (x86)\microsoft visual studio 10.0\vc\include\stdio.h(304) : see declaration of 'scanf'
c:\users\emin\documents\visual studio 2010\projects\eminsenay_uniprojects_c\cmpe150_p2_highschoolgamble\implementation2.c(48): warning C4101: 'j' : unreferenced local variable
c:\users\emin\documents\visual studio 2010\projects\eminsenay_uniprojects_c\cmpe150_p2_highschoolgamble\implementation2.c(230): warning C4715: 'divide' : not all control paths return a value
Link:
  C:\Program Files (x86)\Microsoft Visual Studio 10.0\VC\bin\link.exe /ERRORREPORT:PROMPT /OUT:"c:\users\emin\documents\visual studio 2010\Projects\EminSenay_UniProjects_C\Debug\Cmpe150_P2_HighSchoolGamble.exe" /NOLOGO kernel32.lib user32.lib gdi32.lib winspool.lib comdlg32.lib advapi32.lib shell32.lib ole32.lib oleaut32.lib uuid.lib odbc32.lib odbccp32.lib /MANIFEST /ManifestFile:"Debug\Cmpe150_P2_HighSchoolGamble.exe.intermediate.manifest" /MANIFESTUAC:"level='asInvoker' uiAccess='false'" /DEBUG /PDB:"c:\users\emin\documents\visual studio 2010\Projects\EminSenay_UniProjects_C\Debug\Cmpe150_P2_HighSchoolGamble.pdb" /TLBID:1 /DYNAMICBASE /NXCOMPAT /IMPLIB:"c:\users\emin\documents\visual studio 2010\Projects\EminSenay_UniProjects_C\Debug\Cmpe150_P2_HighSchoolGamble.lib" /MACHINE:X86 Debug\implementation2.obj
  Cmpe150_P2_HighSchoolGamble.vcxproj -> c:\users\emin\documents\visual studio 2010\Projects\EminSenay_UniProjects_C\Debug\Cmpe150_P2_HighSchoolGamble.exe
Manifest:
  C:\Program Files (x86)\Microsoft SDKs\Windows\v7.0A\bin\mt.exe /nologo /verbose /outputresource:"c:\users\emin\documents\visual studio 2010\Projects\EminSenay_UniProjects_C\Debug\Cmpe150_P2_HighSchoolGamble.exe;#1" /manifest Debug\Cmpe150_P2_HighSchoolGamble.exe.intermediate.manifest
FinalizeBuildStatus:
  Deleting file "Debug\Cmpe150_P2_HighSchoolGamble.unsuccessfulbuild".
  Touching "Debug\Cmpe150_P2_HighSchoolGamble.lastbuildstate".
Done Building Project "c:\Users\Emin\documents\visual studio 2010\Projects\EminSenay_UniProjects_C\Cmpe150_P2_HighSchoolGamble\Cmpe150_P2_HighSchoolGamble.vcxproj" (build target(s)).

Build succeeded.

Time Elapsed 00:00:01.34
