Build started 10/3/2011 10:40:47 PM.
Project "c:\Users\Emin\documents\visual studio 2010\Projects\EminSenay_UniProjects_C\Cmpe160_P2_SimpleCompiler\Cmpe160_P2_SimpleCompiler.vcxproj" on node 2 (build target(s)).
InitializeBuildStatus:
  Creating "Debug\Cmpe160_P2_SimpleCompiler.unsuccessfulbuild" because "AlwaysCreate" was specified.
ClCompile:
  C:\Program Files (x86)\Microsoft Visual Studio 10.0\VC\bin\CL.exe /c /ZI /nologo /W3 /WX- /Od /Oy- /D _MBCS /Gm /EHsc /RTC1 /MDd /GS /fp:precise /Zc:wchar_t /Zc:forScope /Fo"Debug\\" /Fd"Debug\vc100.pdb" /Gd /TP /analyze- /errorReport:prompt 2002103907p2.cpp
  2002103907p2.cpp
c:\users\emin\documents\visual studio 2010\projects\eminsenay_uniprojects_c\cmpe160_p2_simplecompiler\2002103907p2.cpp(405): warning C4018: '<' : signed/unsigned mismatch
c:\users\emin\documents\visual studio 2010\projects\eminsenay_uniprojects_c\cmpe160_p2_simplecompiler\2002103907p2.cpp(421): warning C4018: '<' : signed/unsigned mismatch
c:\users\emin\documents\visual studio 2010\projects\eminsenay_uniprojects_c\cmpe160_p2_simplecompiler\2002103907p2.cpp(426): warning C4018: '<' : signed/unsigned mismatch
Link:
  C:\Program Files (x86)\Microsoft Visual Studio 10.0\VC\bin\link.exe /ERRORREPORT:PROMPT /OUT:"c:\users\emin\documents\visual studio 2010\Projects\EminSenay_UniProjects_C\Debug\Cmpe160_P2_SimpleCompiler.exe" /NOLOGO kernel32.lib user32.lib gdi32.lib winspool.lib comdlg32.lib advapi32.lib shell32.lib ole32.lib oleaut32.lib uuid.lib odbc32.lib odbccp32.lib /MANIFEST /ManifestFile:"Debug\Cmpe160_P2_SimpleCompiler.exe.intermediate.manifest" /MANIFESTUAC:"level='asInvoker' uiAccess='false'" /DEBUG /PDB:"c:\users\emin\documents\visual studio 2010\Projects\EminSenay_UniProjects_C\Debug\Cmpe160_P2_SimpleCompiler.pdb" /TLBID:1 /DYNAMICBASE /NXCOMPAT /IMPLIB:"c:\users\emin\documents\visual studio 2010\Projects\EminSenay_UniProjects_C\Debug\Cmpe160_P2_SimpleCompiler.lib" /MACHINE:X86 Debug\2002103907p2.obj
  Debug\myclasses.obj
  LINK : c:\users\emin\documents\visual studio 2010\Projects\EminSenay_UniProjects_C\Debug\Cmpe160_P2_SimpleCompiler.exe not found or not built by the last incremental link; performing full link
  Cmpe160_P2_SimpleCompiler.vcxproj -> c:\users\emin\documents\visual studio 2010\Projects\EminSenay_UniProjects_C\Debug\Cmpe160_P2_SimpleCompiler.exe
Manifest:
  C:\Program Files (x86)\Microsoft SDKs\Windows\v7.0A\bin\mt.exe /nologo /verbose /outputresource:"c:\users\emin\documents\visual studio 2010\Projects\EminSenay_UniProjects_C\Debug\Cmpe160_P2_SimpleCompiler.exe;#1" /manifest Debug\Cmpe160_P2_SimpleCompiler.exe.intermediate.manifest
FinalizeBuildStatus:
  Deleting file "Debug\Cmpe160_P2_SimpleCompiler.unsuccessfulbuild".
  Touching "Debug\Cmpe160_P2_SimpleCompiler.lastbuildstate".
Done Building Project "c:\Users\Emin\documents\visual studio 2010\Projects\EminSenay_UniProjects_C\Cmpe160_P2_SimpleCompiler\Cmpe160_P2_SimpleCompiler.vcxproj" (build target(s)).

Build succeeded.

Time Elapsed 00:00:02.62
