Build started 10/3/2011 10:00:38 PM.
Project "c:\Users\Emin\documents\visual studio 2010\Projects\EminSenay_UniProjects_C\Cmpe150_P1_ChessMaster\Cmpe150_P1_ChessMaster.vcxproj" on node 2 (build target(s)).
InitializeBuildStatus:
  Creating "Debug\Cmpe150_P1_ChessMaster.unsuccessfulbuild" because "AlwaysCreate" was specified.
ClCompile:
  C:\Program Files (x86)\Microsoft Visual Studio 10.0\VC\bin\CL.exe /c /ZI /nologo /W3 /WX- /Od /Oy- /D _MBCS /Gm /EHsc /RTC1 /MDd /GS /fp:precise /Zc:wchar_t /Zc:forScope /Fo"Debug\\" /Fd"Debug\vc100.pdb" /Gd /TC /analyze- /errorReport:prompt implementation1.c
  implementation1.c
c:\users\emin\documents\visual studio 2010\projects\eminsenay_uniprojects_c\cmpe150_p1_chessmaster\implementation1.c(11): warning C4996: 'scanf': This function or variable may be unsafe. Consider using scanf_s instead. To disable deprecation, use _CRT_SECURE_NO_WARNINGS. See online help for details.
          c:\program files (x86)\microsoft visual studio 10.0\vc\include\stdio.h(304) : see declaration of 'scanf'
Link:
  C:\Program Files (x86)\Microsoft Visual Studio 10.0\VC\bin\link.exe /ERRORREPORT:PROMPT /OUT:"c:\users\emin\documents\visual studio 2010\Projects\EminSenay_UniProjects_C\Debug\Cmpe150_P1_ChessMaster.exe" /NOLOGO kernel32.lib user32.lib gdi32.lib winspool.lib comdlg32.lib advapi32.lib shell32.lib ole32.lib oleaut32.lib uuid.lib odbc32.lib odbccp32.lib /MANIFEST /ManifestFile:"Debug\Cmpe150_P1_ChessMaster.exe.intermediate.manifest" /MANIFESTUAC:"level='asInvoker' uiAccess='false'" /DEBUG /PDB:"c:\users\emin\documents\visual studio 2010\Projects\EminSenay_UniProjects_C\Debug\Cmpe150_P1_ChessMaster.pdb" /TLBID:1 /DYNAMICBASE /NXCOMPAT /IMPLIB:"c:\users\emin\documents\visual studio 2010\Projects\EminSenay_UniProjects_C\Debug\Cmpe150_P1_ChessMaster.lib" /MACHINE:X86 Debug\implementation1.obj
  LINK : c:\users\emin\documents\visual studio 2010\Projects\EminSenay_UniProjects_C\Debug\Cmpe150_P1_ChessMaster.exe not found or not built by the last incremental link; performing full link
  Cmpe150_P1_ChessMaster.vcxproj -> c:\users\emin\documents\visual studio 2010\Projects\EminSenay_UniProjects_C\Debug\Cmpe150_P1_ChessMaster.exe
Manifest:
  C:\Program Files (x86)\Microsoft SDKs\Windows\v7.0A\bin\mt.exe /nologo /verbose /outputresource:"c:\users\emin\documents\visual studio 2010\Projects\EminSenay_UniProjects_C\Debug\Cmpe150_P1_ChessMaster.exe;#1" /manifest Debug\Cmpe150_P1_ChessMaster.exe.intermediate.manifest
FinalizeBuildStatus:
  Deleting file "Debug\Cmpe150_P1_ChessMaster.unsuccessfulbuild".
  Touching "Debug\Cmpe150_P1_ChessMaster.lastbuildstate".
Done Building Project "c:\Users\Emin\documents\visual studio 2010\Projects\EminSenay_UniProjects_C\Cmpe150_P1_ChessMaster\Cmpe150_P1_ChessMaster.vcxproj" (build target(s)).

Build succeeded.

Time Elapsed 00:00:01.96
