Build started 10/3/2011 10:12:26 PM.
Project "c:\Users\Emin\documents\visual studio 2010\Projects\EminSenay_UniProjects_C\Cmpe160_P1_AirlineReservationSystem\Cmpe160_P1_AirlineReservationSystem.vcxproj" on node 2 (build target(s)).
InitializeBuildStatus:
  Creating "Debug\Cmpe160_P1_AirlineReservationSystem.unsuccessfulbuild" because "AlwaysCreate" was specified.
ClCompile:
  C:\Program Files (x86)\Microsoft Visual Studio 10.0\VC\bin\CL.exe /c /ZI /nologo /W3 /WX- /Od /Oy- /D _MBCS /Gm /EHsc /RTC1 /MDd /GS /fp:precise /Zc:wchar_t /Zc:forScope /Fo"Debug\\" /Fd"Debug\vc100.pdb" /Gd /TC /analyze- /errorReport:prompt implementation1.c
  implementation1.c
c:\users\emin\documents\visual studio 2010\projects\eminsenay_uniprojects_c\cmpe160_p1_airlinereservationsystem\implementation1.c(60): warning C4996: 'scanf': This function or variable may be unsafe. Consider using scanf_s instead. To disable deprecation, use _CRT_SECURE_NO_WARNINGS. See online help for details.
          c:\program files (x86)\microsoft visual studio 10.0\vc\include\stdio.h(304) : see declaration of 'scanf'
c:\users\emin\documents\visual studio 2010\projects\eminsenay_uniprojects_c\cmpe160_p1_airlinereservationsystem\implementation1.c(69): warning C4996: 'scanf': This function or variable may be unsafe. Consider using scanf_s instead. To disable deprecation, use _CRT_SECURE_NO_WARNINGS. See online help for details.
          c:\program files (x86)\microsoft visual studio 10.0\vc\include\stdio.h(304) : see declaration of 'scanf'
c:\users\emin\documents\visual studio 2010\projects\eminsenay_uniprojects_c\cmpe160_p1_airlinereservationsystem\implementation1.c(74): warning C4996: 'scanf': This function or variable may be unsafe. Consider using scanf_s instead. To disable deprecation, use _CRT_SECURE_NO_WARNINGS. See online help for details.
          c:\program files (x86)\microsoft visual studio 10.0\vc\include\stdio.h(304) : see declaration of 'scanf'
c:\users\emin\documents\visual studio 2010\projects\eminsenay_uniprojects_c\cmpe160_p1_airlinereservationsystem\implementation1.c(79): warning C4996: 'scanf': This function or variable may be unsafe. Consider using scanf_s instead. To disable deprecation, use _CRT_SECURE_NO_WARNINGS. See online help for details.
          c:\program files (x86)\microsoft visual studio 10.0\vc\include\stdio.h(304) : see declaration of 'scanf'
c:\users\emin\documents\visual studio 2010\projects\eminsenay_uniprojects_c\cmpe160_p1_airlinereservationsystem\implementation1.c(90): warning C4996: 'scanf': This function or variable may be unsafe. Consider using scanf_s instead. To disable deprecation, use _CRT_SECURE_NO_WARNINGS. See online help for details.
          c:\program files (x86)\microsoft visual studio 10.0\vc\include\stdio.h(304) : see declaration of 'scanf'
c:\users\emin\documents\visual studio 2010\projects\eminsenay_uniprojects_c\cmpe160_p1_airlinereservationsystem\implementation1.c(95): warning C4996: 'scanf': This function or variable may be unsafe. Consider using scanf_s instead. To disable deprecation, use _CRT_SECURE_NO_WARNINGS. See online help for details.
          c:\program files (x86)\microsoft visual studio 10.0\vc\include\stdio.h(304) : see declaration of 'scanf'
c:\users\emin\documents\visual studio 2010\projects\eminsenay_uniprojects_c\cmpe160_p1_airlinereservationsystem\implementation1.c(100): warning C4996: 'scanf': This function or variable may be unsafe. Consider using scanf_s instead. To disable deprecation, use _CRT_SECURE_NO_WARNINGS. See online help for details.
          c:\program files (x86)\microsoft visual studio 10.0\vc\include\stdio.h(304) : see declaration of 'scanf'
c:\users\emin\documents\visual studio 2010\projects\eminsenay_uniprojects_c\cmpe160_p1_airlinereservationsystem\implementation1.c(109): warning C4996: 'scanf': This function or variable may be unsafe. Consider using scanf_s instead. To disable deprecation, use _CRT_SECURE_NO_WARNINGS. See online help for details.
          c:\program files (x86)\microsoft visual studio 10.0\vc\include\stdio.h(304) : see declaration of 'scanf'
c:\users\emin\documents\visual studio 2010\projects\eminsenay_uniprojects_c\cmpe160_p1_airlinereservationsystem\implementation1.c(117): warning C4996: 'scanf': This function or variable may be unsafe. Consider using scanf_s instead. To disable deprecation, use _CRT_SECURE_NO_WARNINGS. See online help for details.
          c:\program files (x86)\microsoft visual studio 10.0\vc\include\stdio.h(304) : see declaration of 'scanf'
c:\users\emin\documents\visual studio 2010\projects\eminsenay_uniprojects_c\cmpe160_p1_airlinereservationsystem\implementation1.c(122): warning C4996: 'scanf': This function or variable may be unsafe. Consider using scanf_s instead. To disable deprecation, use _CRT_SECURE_NO_WARNINGS. See online help for details.
          c:\program files (x86)\microsoft visual studio 10.0\vc\include\stdio.h(304) : see declaration of 'scanf'
c:\users\emin\documents\visual studio 2010\projects\eminsenay_uniprojects_c\cmpe160_p1_airlinereservationsystem\implementation1.c(127): warning C4996: 'scanf': This function or variable may be unsafe. Consider using scanf_s instead. To disable deprecation, use _CRT_SECURE_NO_WARNINGS. See online help for details.
          c:\program files (x86)\microsoft visual studio 10.0\vc\include\stdio.h(304) : see declaration of 'scanf'
c:\users\emin\documents\visual studio 2010\projects\eminsenay_uniprojects_c\cmpe160_p1_airlinereservationsystem\implementation1.c(135): warning C4996: 'scanf': This function or variable may be unsafe. Consider using scanf_s instead. To disable deprecation, use _CRT_SECURE_NO_WARNINGS. See online help for details.
          c:\program files (x86)\microsoft visual studio 10.0\vc\include\stdio.h(304) : see declaration of 'scanf'
c:\users\emin\documents\visual studio 2010\projects\eminsenay_uniprojects_c\cmpe160_p1_airlinereservationsystem\implementation1.c(158): warning C4996: 'fopen': This function or variable may be unsafe. Consider using fopen_s instead. To disable deprecation, use _CRT_SECURE_NO_WARNINGS. See online help for details.
          c:\program files (x86)\microsoft visual studio 10.0\vc\include\stdio.h(234) : see declaration of 'fopen'
c:\users\emin\documents\visual studio 2010\projects\eminsenay_uniprojects_c\cmpe160_p1_airlinereservationsystem\implementation1.c(172): warning C4996: 'strcpy': This function or variable may be unsafe. Consider using strcpy_s instead. To disable deprecation, use _CRT_SECURE_NO_WARNINGS. See online help for details.
          c:\program files (x86)\microsoft visual studio 10.0\vc\include\string.h(105) : see declaration of 'strcpy'
c:\users\emin\documents\visual studio 2010\projects\eminsenay_uniprojects_c\cmpe160_p1_airlinereservationsystem\implementation1.c(176): warning C4996: 'scanf': This function or variable may be unsafe. Consider using scanf_s instead. To disable deprecation, use _CRT_SECURE_NO_WARNINGS. See online help for details.
          c:\program files (x86)\microsoft visual studio 10.0\vc\include\stdio.h(304) : see declaration of 'scanf'
c:\users\emin\documents\visual studio 2010\projects\eminsenay_uniprojects_c\cmpe160_p1_airlinereservationsystem\implementation1.c(181): warning C4996: 'scanf': This function or variable may be unsafe. Consider using scanf_s instead. To disable deprecation, use _CRT_SECURE_NO_WARNINGS. See online help for details.
          c:\program files (x86)\microsoft visual studio 10.0\vc\include\stdio.h(304) : see declaration of 'scanf'
c:\users\emin\documents\visual studio 2010\projects\eminsenay_uniprojects_c\cmpe160_p1_airlinereservationsystem\implementation1.c(186): warning C4996: 'scanf': This function or variable may be unsafe. Consider using scanf_s instead. To disable deprecation, use _CRT_SECURE_NO_WARNINGS. See online help for details.
          c:\program files (x86)\microsoft visual studio 10.0\vc\include\stdio.h(304) : see declaration of 'scanf'
c:\users\emin\documents\visual studio 2010\projects\eminsenay_uniprojects_c\cmpe160_p1_airlinereservationsystem\implementation1.c(191): warning C4996: 'scanf': This function or variable may be unsafe. Consider using scanf_s instead. To disable deprecation, use _CRT_SECURE_NO_WARNINGS. See online help for details.
          c:\program files (x86)\microsoft visual studio 10.0\vc\include\stdio.h(304) : see declaration of 'scanf'
c:\users\emin\documents\visual studio 2010\projects\eminsenay_uniprojects_c\cmpe160_p1_airlinereservationsystem\implementation1.c(207): warning C4996: 'fopen': This function or variable may be unsafe. Consider using fopen_s instead. To disable deprecation, use _CRT_SECURE_NO_WARNINGS. See online help for details.
          c:\program files (x86)\microsoft visual studio 10.0\vc\include\stdio.h(234) : see declaration of 'fopen'
c:\users\emin\documents\visual studio 2010\projects\eminsenay_uniprojects_c\cmpe160_p1_airlinereservationsystem\implementation1.c(237): warning C4996: 'strcpy': This function or variable may be unsafe. Consider using strcpy_s instead. To disable deprecation, use _CRT_SECURE_NO_WARNINGS. See online help for details.
          c:\program files (x86)\microsoft visual studio 10.0\vc\include\string.h(105) : see declaration of 'strcpy'
c:\users\emin\documents\visual studio 2010\projects\eminsenay_uniprojects_c\cmpe160_p1_airlinereservationsystem\implementation1.c(240): warning C4996: 'strcpy': This function or variable may be unsafe. Consider using strcpy_s instead. To disable deprecation, use _CRT_SECURE_NO_WARNINGS. See online help for details.
          c:\program files (x86)\microsoft visual studio 10.0\vc\include\string.h(105) : see declaration of 'strcpy'
c:\users\emin\documents\visual studio 2010\projects\eminsenay_uniprojects_c\cmpe160_p1_airlinereservationsystem\implementation1.c(243): warning C4996: 'strcpy': This function or variable may be unsafe. Consider using strcpy_s instead. To disable deprecation, use _CRT_SECURE_NO_WARNINGS. See online help for details.
          c:\program files (x86)\microsoft visual studio 10.0\vc\include\string.h(105) : see declaration of 'strcpy'
c:\users\emin\documents\visual studio 2010\projects\eminsenay_uniprojects_c\cmpe160_p1_airlinereservationsystem\implementation1.c(249): warning C4996: 'fopen': This function or variable may be unsafe. Consider using fopen_s instead. To disable deprecation, use _CRT_SECURE_NO_WARNINGS. See online help for details.
          c:\program files (x86)\microsoft visual studio 10.0\vc\include\stdio.h(234) : see declaration of 'fopen'
c:\users\emin\documents\visual studio 2010\projects\eminsenay_uniprojects_c\cmpe160_p1_airlinereservationsystem\implementation1.c(276): warning C4996: 'fopen': This function or variable may be unsafe. Consider using fopen_s instead. To disable deprecation, use _CRT_SECURE_NO_WARNINGS. See online help for details.
          c:\program files (x86)\microsoft visual studio 10.0\vc\include\stdio.h(234) : see declaration of 'fopen'
c:\users\emin\documents\visual studio 2010\projects\eminsenay_uniprojects_c\cmpe160_p1_airlinereservationsystem\implementation1.c(281): warning C4996: 'fopen': This function or variable may be unsafe. Consider using fopen_s instead. To disable deprecation, use _CRT_SECURE_NO_WARNINGS. See online help for details.
          c:\program files (x86)\microsoft visual studio 10.0\vc\include\stdio.h(234) : see declaration of 'fopen'
c:\users\emin\documents\visual studio 2010\projects\eminsenay_uniprojects_c\cmpe160_p1_airlinereservationsystem\implementation1.c(299): warning C4996: 'scanf': This function or variable may be unsafe. Consider using scanf_s instead. To disable deprecation, use _CRT_SECURE_NO_WARNINGS. See online help for details.
          c:\program files (x86)\microsoft visual studio 10.0\vc\include\stdio.h(304) : see declaration of 'scanf'
c:\users\emin\documents\visual studio 2010\projects\eminsenay_uniprojects_c\cmpe160_p1_airlinereservationsystem\implementation1.c(320): warning C4996: 'scanf': This function or variable may be unsafe. Consider using scanf_s instead. To disable deprecation, use _CRT_SECURE_NO_WARNINGS. See online help for details.
          c:\program files (x86)\microsoft visual studio 10.0\vc\include\stdio.h(304) : see declaration of 'scanf'
c:\users\emin\documents\visual studio 2010\projects\eminsenay_uniprojects_c\cmpe160_p1_airlinereservationsystem\implementation1.c(352): warning C4996: 'fopen': This function or variable may be unsafe. Consider using fopen_s instead. To disable deprecation, use _CRT_SECURE_NO_WARNINGS. See online help for details.
          c:\program files (x86)\microsoft visual studio 10.0\vc\include\stdio.h(234) : see declaration of 'fopen'
c:\users\emin\documents\visual studio 2010\projects\eminsenay_uniprojects_c\cmpe160_p1_airlinereservationsystem\implementation1.c(359): warning C4996: 'fopen': This function or variable may be unsafe. Consider using fopen_s instead. To disable deprecation, use _CRT_SECURE_NO_WARNINGS. See online help for details.
          c:\program files (x86)\microsoft visual studio 10.0\vc\include\stdio.h(234) : see declaration of 'fopen'
c:\users\emin\documents\visual studio 2010\projects\eminsenay_uniprojects_c\cmpe160_p1_airlinereservationsystem\implementation1.c(366): warning C4996: 'fopen': This function or variable may be unsafe. Consider using fopen_s instead. To disable deprecation, use _CRT_SECURE_NO_WARNINGS. See online help for details.
          c:\program files (x86)\microsoft visual studio 10.0\vc\include\stdio.h(234) : see declaration of 'fopen'
c:\users\emin\documents\visual studio 2010\projects\eminsenay_uniprojects_c\cmpe160_p1_airlinereservationsystem\implementation1.c(453): warning C4996: 'scanf': This function or variable may be unsafe. Consider using scanf_s instead. To disable deprecation, use _CRT_SECURE_NO_WARNINGS. See online help for details.
          c:\program files (x86)\microsoft visual studio 10.0\vc\include\stdio.h(304) : see declaration of 'scanf'
c:\users\emin\documents\visual studio 2010\projects\eminsenay_uniprojects_c\cmpe160_p1_airlinereservationsystem\implementation1.c(458): warning C4996: 'scanf': This function or variable may be unsafe. Consider using scanf_s instead. To disable deprecation, use _CRT_SECURE_NO_WARNINGS. See online help for details.
          c:\program files (x86)\microsoft visual studio 10.0\vc\include\stdio.h(304) : see declaration of 'scanf'
c:\users\emin\documents\visual studio 2010\projects\eminsenay_uniprojects_c\cmpe160_p1_airlinereservationsystem\implementation1.c(480): warning C4996: 'scanf': This function or variable may be unsafe. Consider using scanf_s instead. To disable deprecation, use _CRT_SECURE_NO_WARNINGS. See online help for details.
          c:\program files (x86)\microsoft visual studio 10.0\vc\include\stdio.h(304) : see declaration of 'scanf'
c:\users\emin\documents\visual studio 2010\projects\eminsenay_uniprojects_c\cmpe160_p1_airlinereservationsystem\implementation1.c(490): warning C4996: 'scanf': This function or variable may be unsafe. Consider using scanf_s instead. To disable deprecation, use _CRT_SECURE_NO_WARNINGS. See online help for details.
          c:\program files (x86)\microsoft visual studio 10.0\vc\include\stdio.h(304) : see declaration of 'scanf'
c:\users\emin\documents\visual studio 2010\projects\eminsenay_uniprojects_c\cmpe160_p1_airlinereservationsystem\implementation1.c(500): warning C4996: 'scanf': This function or variable may be unsafe. Consider using scanf_s instead. To disable deprecation, use _CRT_SECURE_NO_WARNINGS. See online help for details.
          c:\program files (x86)\microsoft visual studio 10.0\vc\include\stdio.h(304) : see declaration of 'scanf'
c:\users\emin\documents\visual studio 2010\projects\eminsenay_uniprojects_c\cmpe160_p1_airlinereservationsystem\implementation1.c(536): warning C4996: 'scanf': This function or variable may be unsafe. Consider using scanf_s instead. To disable deprecation, use _CRT_SECURE_NO_WARNINGS. See online help for details.
          c:\program files (x86)\microsoft visual studio 10.0\vc\include\stdio.h(304) : see declaration of 'scanf'
c:\users\emin\documents\visual studio 2010\projects\eminsenay_uniprojects_c\cmpe160_p1_airlinereservationsystem\implementation1.c(586): warning C4996: 'scanf': This function or variable may be unsafe. Consider using scanf_s instead. To disable deprecation, use _CRT_SECURE_NO_WARNINGS. See online help for details.
          c:\program files (x86)\microsoft visual studio 10.0\vc\include\stdio.h(304) : see declaration of 'scanf'
c:\users\emin\documents\visual studio 2010\projects\eminsenay_uniprojects_c\cmpe160_p1_airlinereservationsystem\implementation1.c(708): warning C4996: 'fopen': This function or variable may be unsafe. Consider using fopen_s instead. To disable deprecation, use _CRT_SECURE_NO_WARNINGS. See online help for details.
          c:\program files (x86)\microsoft visual studio 10.0\vc\include\stdio.h(234) : see declaration of 'fopen'
c:\users\emin\documents\visual studio 2010\projects\eminsenay_uniprojects_c\cmpe160_p1_airlinereservationsystem\implementation1.c(740): warning C4996: 'strcpy': This function or variable may be unsafe. Consider using strcpy_s instead. To disable deprecation, use _CRT_SECURE_NO_WARNINGS. See online help for details.
          c:\program files (x86)\microsoft visual studio 10.0\vc\include\string.h(105) : see declaration of 'strcpy'
c:\users\emin\documents\visual studio 2010\projects\eminsenay_uniprojects_c\cmpe160_p1_airlinereservationsystem\implementation1.c(741): warning C4996: 'strcpy': This function or variable may be unsafe. Consider using strcpy_s instead. To disable deprecation, use _CRT_SECURE_NO_WARNINGS. See online help for details.
          c:\program files (x86)\microsoft visual studio 10.0\vc\include\string.h(105) : see declaration of 'strcpy'
c:\users\emin\documents\visual studio 2010\projects\eminsenay_uniprojects_c\cmpe160_p1_airlinereservationsystem\implementation1.c(742): warning C4996: 'strcpy': This function or variable may be unsafe. Consider using strcpy_s instead. To disable deprecation, use _CRT_SECURE_NO_WARNINGS. See online help for details.
          c:\program files (x86)\microsoft visual studio 10.0\vc\include\string.h(105) : see declaration of 'strcpy'
c:\users\emin\documents\visual studio 2010\projects\eminsenay_uniprojects_c\cmpe160_p1_airlinereservationsystem\implementation1.c(746): warning C4996: 'fopen': This function or variable may be unsafe. Consider using fopen_s instead. To disable deprecation, use _CRT_SECURE_NO_WARNINGS. See online help for details.
          c:\program files (x86)\microsoft visual studio 10.0\vc\include\stdio.h(234) : see declaration of 'fopen'
c:\users\emin\documents\visual studio 2010\projects\eminsenay_uniprojects_c\cmpe160_p1_airlinereservationsystem\implementation1.c(784): warning C4996: 'fopen': This function or variable may be unsafe. Consider using fopen_s instead. To disable deprecation, use _CRT_SECURE_NO_WARNINGS. See online help for details.
          c:\program files (x86)\microsoft visual studio 10.0\vc\include\stdio.h(234) : see declaration of 'fopen'
c:\users\emin\documents\visual studio 2010\projects\eminsenay_uniprojects_c\cmpe160_p1_airlinereservationsystem\implementation1.c(785): warning C4996: 'fopen': This function or variable may be unsafe. Consider using fopen_s instead. To disable deprecation, use _CRT_SECURE_NO_WARNINGS. See online help for details.
          c:\program files (x86)\microsoft visual studio 10.0\vc\include\stdio.h(234) : see declaration of 'fopen'
Link:
  C:\Program Files (x86)\Microsoft Visual Studio 10.0\VC\bin\link.exe /ERRORREPORT:PROMPT /OUT:"c:\users\emin\documents\visual studio 2010\Projects\EminSenay_UniProjects_C\Debug\Cmpe160_P1_AirlineReservationSystem.exe" /NOLOGO kernel32.lib user32.lib gdi32.lib winspool.lib comdlg32.lib advapi32.lib shell32.lib ole32.lib oleaut32.lib uuid.lib odbc32.lib odbccp32.lib /MANIFEST /ManifestFile:"Debug\Cmpe160_P1_AirlineReservationSystem.exe.intermediate.manifest" /MANIFESTUAC:"level='asInvoker' uiAccess='false'" /DEBUG /PDB:"c:\users\emin\documents\visual studio 2010\Projects\EminSenay_UniProjects_C\Debug\Cmpe160_P1_AirlineReservationSystem.pdb" /TLBID:1 /DYNAMICBASE /NXCOMPAT /IMPLIB:"c:\users\emin\documents\visual studio 2010\Projects\EminSenay_UniProjects_C\Debug\Cmpe160_P1_AirlineReservationSystem.lib" /MACHINE:X86 Debug\implementation1.obj
  LINK : c:\users\emin\documents\visual studio 2010\Projects\EminSenay_UniProjects_C\Debug\Cmpe160_P1_AirlineReservationSystem.exe not found or not built by the last incremental link; performing full link
  Cmpe160_P1_AirlineReservationSystem.vcxproj -> c:\users\emin\documents\visual studio 2010\Projects\EminSenay_UniProjects_C\Debug\Cmpe160_P1_AirlineReservationSystem.exe
Manifest:
  C:\Program Files (x86)\Microsoft SDKs\Windows\v7.0A\bin\mt.exe /nologo /verbose /outputresource:"c:\users\emin\documents\visual studio 2010\Projects\EminSenay_UniProjects_C\Debug\Cmpe160_P1_AirlineReservationSystem.exe;#1" /manifest Debug\Cmpe160_P1_AirlineReservationSystem.exe.intermediate.manifest
FinalizeBuildStatus:
  Deleting file "Debug\Cmpe160_P1_AirlineReservationSystem.unsuccessfulbuild".
  Touching "Debug\Cmpe160_P1_AirlineReservationSystem.lastbuildstate".
Done Building Project "c:\Users\Emin\documents\visual studio 2010\Projects\EminSenay_UniProjects_C\Cmpe160_P1_AirlineReservationSystem\Cmpe160_P1_AirlineReservationSystem.vcxproj" (build target(s)).

Build succeeded.

Time Elapsed 00:00:02.09
