Build started 10/3/2011 10:05:29 PM.
Project "c:\Users\Emin\documents\visual studio 2010\Projects\EminSenay_UniProjects_C\Cmpe150_P3_HonoresGameOfLife\Cmpe150_P3_HonoresGameOfLife.vcxproj" on node 2 (build target(s)).
InitializeBuildStatus:
  Creating "Debug\Cmpe150_P3_HonoresGameOfLife.unsuccessfulbuild" because "AlwaysCreate" was specified.
ClCompile:
  C:\Program Files (x86)\Microsoft Visual Studio 10.0\VC\bin\CL.exe /c /ZI /nologo /W3 /WX- /Od /Oy- /D _MBCS /Gm /EHsc /RTC1 /MDd /GS /fp:precise /Zc:wchar_t /Zc:forScope /Fo"Debug\\" /Fd"Debug\vc100.pdb" /Gd /TC /analyze- /errorReport:prompt implementation3.c
  implementation3.c
c:\users\emin\documents\visual studio 2010\projects\eminsenay_uniprojects_c\cmpe150_p3_honoresgameoflife\implementation3.c(76): warning C4996: 'getch': The POSIX name for this item is deprecated. Instead, use the ISO C++ conformant name: _getch. See online help for details.
          c:\program files (x86)\microsoft visual studio 10.0\vc\include\conio.h(128) : see declaration of 'getch'
c:\users\emin\documents\visual studio 2010\projects\eminsenay_uniprojects_c\cmpe150_p3_honoresgameoflife\implementation3.c(85): warning C4996: 'getch': The POSIX name for this item is deprecated. Instead, use the ISO C++ conformant name: _getch. See online help for details.
          c:\program files (x86)\microsoft visual studio 10.0\vc\include\conio.h(128) : see declaration of 'getch'
c:\users\emin\documents\visual studio 2010\projects\eminsenay_uniprojects_c\cmpe150_p3_honoresgameoflife\implementation3.c(95): warning C4244: 'function' : conversion from 'time_t' to 'unsigned int', possible loss of data
c:\users\emin\documents\visual studio 2010\projects\eminsenay_uniprojects_c\cmpe150_p3_honoresgameoflife\implementation3.c(125): warning C4996: 'getch': The POSIX name for this item is deprecated. Instead, use the ISO C++ conformant name: _getch. See online help for details.
          c:\program files (x86)\microsoft visual studio 10.0\vc\include\conio.h(128) : see declaration of 'getch'
c:\users\emin\documents\visual studio 2010\projects\eminsenay_uniprojects_c\cmpe150_p3_honoresgameoflife\implementation3.c(144): warning C4996: 'getch': The POSIX name for this item is deprecated. Instead, use the ISO C++ conformant name: _getch. See online help for details.
          c:\program files (x86)\microsoft visual studio 10.0\vc\include\conio.h(128) : see declaration of 'getch'
c:\users\emin\documents\visual studio 2010\projects\eminsenay_uniprojects_c\cmpe150_p3_honoresgameoflife\implementation3.c(153): warning C4996: 'getch': The POSIX name for this item is deprecated. Instead, use the ISO C++ conformant name: _getch. See online help for details.
          c:\program files (x86)\microsoft visual studio 10.0\vc\include\conio.h(128) : see declaration of 'getch'
c:\users\emin\documents\visual studio 2010\projects\eminsenay_uniprojects_c\cmpe150_p3_honoresgameoflife\implementation3.c(192): warning C4996: 'scanf': This function or variable may be unsafe. Consider using scanf_s instead. To disable deprecation, use _CRT_SECURE_NO_WARNINGS. See online help for details.
          c:\program files (x86)\microsoft visual studio 10.0\vc\include\stdio.h(304) : see declaration of 'scanf'
c:\users\emin\documents\visual studio 2010\projects\eminsenay_uniprojects_c\cmpe150_p3_honoresgameoflife\implementation3.c(66): warning C4101: 'k' : unreferenced local variable
c:\users\emin\documents\visual studio 2010\projects\eminsenay_uniprojects_c\cmpe150_p3_honoresgameoflife\implementation3.c(217): warning C4996: 'scanf': This function or variable may be unsafe. Consider using scanf_s instead. To disable deprecation, use _CRT_SECURE_NO_WARNINGS. See online help for details.
          c:\program files (x86)\microsoft visual studio 10.0\vc\include\stdio.h(304) : see declaration of 'scanf'
c:\users\emin\documents\visual studio 2010\projects\eminsenay_uniprojects_c\cmpe150_p3_honoresgameoflife\implementation3.c(219): warning C4996: 'scanf': This function or variable may be unsafe. Consider using scanf_s instead. To disable deprecation, use _CRT_SECURE_NO_WARNINGS. See online help for details.
          c:\program files (x86)\microsoft visual studio 10.0\vc\include\stdio.h(304) : see declaration of 'scanf'
c:\users\emin\documents\visual studio 2010\projects\eminsenay_uniprojects_c\cmpe150_p3_honoresgameoflife\implementation3.c(229): warning C4996: 'scanf': This function or variable may be unsafe. Consider using scanf_s instead. To disable deprecation, use _CRT_SECURE_NO_WARNINGS. See online help for details.
          c:\program files (x86)\microsoft visual studio 10.0\vc\include\stdio.h(304) : see declaration of 'scanf'
c:\users\emin\documents\visual studio 2010\projects\eminsenay_uniprojects_c\cmpe150_p3_honoresgameoflife\implementation3.c(236): warning C4996: 'scanf': This function or variable may be unsafe. Consider using scanf_s instead. To disable deprecation, use _CRT_SECURE_NO_WARNINGS. See online help for details.
          c:\program files (x86)\microsoft visual studio 10.0\vc\include\stdio.h(304) : see declaration of 'scanf'
c:\users\emin\documents\visual studio 2010\projects\eminsenay_uniprojects_c\cmpe150_p3_honoresgameoflife\implementation3.c(239): warning C4996: 'scanf': This function or variable may be unsafe. Consider using scanf_s instead. To disable deprecation, use _CRT_SECURE_NO_WARNINGS. See online help for details.
          c:\program files (x86)\microsoft visual studio 10.0\vc\include\stdio.h(304) : see declaration of 'scanf'
c:\users\emin\documents\visual studio 2010\projects\eminsenay_uniprojects_c\cmpe150_p3_honoresgameoflife\implementation3.c(242): warning C4996: 'scanf': This function or variable may be unsafe. Consider using scanf_s instead. To disable deprecation, use _CRT_SECURE_NO_WARNINGS. See online help for details.
          c:\program files (x86)\microsoft visual studio 10.0\vc\include\stdio.h(304) : see declaration of 'scanf'
c:\users\emin\documents\visual studio 2010\projects\eminsenay_uniprojects_c\cmpe150_p3_honoresgameoflife\implementation3.c(250): warning C4996: 'scanf': This function or variable may be unsafe. Consider using scanf_s instead. To disable deprecation, use _CRT_SECURE_NO_WARNINGS. See online help for details.
          c:\program files (x86)\microsoft visual studio 10.0\vc\include\stdio.h(304) : see declaration of 'scanf'
c:\users\emin\documents\visual studio 2010\projects\eminsenay_uniprojects_c\cmpe150_p3_honoresgameoflife\implementation3.c(253): warning C4996: 'scanf': This function or variable may be unsafe. Consider using scanf_s instead. To disable deprecation, use _CRT_SECURE_NO_WARNINGS. See online help for details.
          c:\program files (x86)\microsoft visual studio 10.0\vc\include\stdio.h(304) : see declaration of 'scanf'
c:\users\emin\documents\visual studio 2010\projects\eminsenay_uniprojects_c\cmpe150_p3_honoresgameoflife\implementation3.c(256): warning C4996: 'scanf': This function or variable may be unsafe. Consider using scanf_s instead. To disable deprecation, use _CRT_SECURE_NO_WARNINGS. See online help for details.
          c:\program files (x86)\microsoft visual studio 10.0\vc\include\stdio.h(304) : see declaration of 'scanf'
c:\users\emin\documents\visual studio 2010\projects\eminsenay_uniprojects_c\cmpe150_p3_honoresgameoflife\implementation3.c(389): warning C4244: '=' : conversion from 'double' to 'float', possible loss of data
c:\users\emin\documents\visual studio 2010\projects\eminsenay_uniprojects_c\cmpe150_p3_honoresgameoflife\implementation3.c(417): warning C4996: 'getch': The POSIX name for this item is deprecated. Instead, use the ISO C++ conformant name: _getch. See online help for details.
          c:\program files (x86)\microsoft visual studio 10.0\vc\include\conio.h(128) : see declaration of 'getch'
c:\users\emin\documents\visual studio 2010\projects\eminsenay_uniprojects_c\cmpe150_p3_honoresgameoflife\implementation3.c(468): warning C4996: 'getch': The POSIX name for this item is deprecated. Instead, use the ISO C++ conformant name: _getch. See online help for details.
          c:\program files (x86)\microsoft visual studio 10.0\vc\include\conio.h(128) : see declaration of 'getch'
c:\users\emin\documents\visual studio 2010\projects\eminsenay_uniprojects_c\cmpe150_p3_honoresgameoflife\implementation3.c(475): warning C4996: 'fopen': This function or variable may be unsafe. Consider using fopen_s instead. To disable deprecation, use _CRT_SECURE_NO_WARNINGS. See online help for details.
          c:\program files (x86)\microsoft visual studio 10.0\vc\include\stdio.h(234) : see declaration of 'fopen'
Link:
  C:\Program Files (x86)\Microsoft Visual Studio 10.0\VC\bin\link.exe /ERRORREPORT:PROMPT /OUT:"c:\users\emin\documents\visual studio 2010\Projects\EminSenay_UniProjects_C\Debug\Cmpe150_P3_HonoresGameOfLife.exe" /NOLOGO kernel32.lib user32.lib gdi32.lib winspool.lib comdlg32.lib advapi32.lib shell32.lib ole32.lib oleaut32.lib uuid.lib odbc32.lib odbccp32.lib /MANIFEST /ManifestFile:"Debug\Cmpe150_P3_HonoresGameOfLife.exe.intermediate.manifest" /MANIFESTUAC:"level='asInvoker' uiAccess='false'" /DEBUG /PDB:"c:\users\emin\documents\visual studio 2010\Projects\EminSenay_UniProjects_C\Debug\Cmpe150_P3_HonoresGameOfLife.pdb" /TLBID:1 /DYNAMICBASE /NXCOMPAT /IMPLIB:"c:\users\emin\documents\visual studio 2010\Projects\EminSenay_UniProjects_C\Debug\Cmpe150_P3_HonoresGameOfLife.lib" /MACHINE:X86 Debug\implementation3.obj
  Cmpe150_P3_HonoresGameOfLife.vcxproj -> c:\users\emin\documents\visual studio 2010\Projects\EminSenay_UniProjects_C\Debug\Cmpe150_P3_HonoresGameOfLife.exe
Manifest:
  C:\Program Files (x86)\Microsoft SDKs\Windows\v7.0A\bin\mt.exe /nologo /verbose /outputresource:"c:\users\emin\documents\visual studio 2010\Projects\EminSenay_UniProjects_C\Debug\Cmpe150_P3_HonoresGameOfLife.exe;#1" /manifest Debug\Cmpe150_P3_HonoresGameOfLife.exe.intermediate.manifest
FinalizeBuildStatus:
  Deleting file "Debug\Cmpe150_P3_HonoresGameOfLife.unsuccessfulbuild".
  Touching "Debug\Cmpe150_P3_HonoresGameOfLife.lastbuildstate".
Done Building Project "c:\Users\Emin\documents\visual studio 2010\Projects\EminSenay_UniProjects_C\Cmpe150_P3_HonoresGameOfLife\Cmpe150_P3_HonoresGameOfLife.vcxproj" (build target(s)).

Build succeeded.

Time Elapsed 00:00:01.94
